<?xml version="1.0" encoding="UTF-8"?>
<!-- Generated by org.testng.reporters.JUnitXMLReporter -->
<testsuite ignored="4" hostname="AKASH" failures="0" tests="2" name="Test" time="0.722" errors="0" timestamp="2024-07-29T08:31:45 IST">
  <testcase classname="com.ShoppersStack_genericutility.Working_baseclass" name="@BeforeClass beforeClass" time="0.001">
    <failure type="java.io.FileNotFoundException" message=" Frame_Constantrant.propertyPath (The system cannot find the file specified)">
      <![CDATA[java.io.FileNotFoundException:  Frame_Constantrant.propertyPath (The system cannot find the file specified)
at java.base/java.io.FileInputStream.open0(Native Method)
at java.base/java.io.FileInputStream.open(FileInputStream.java:216)
at java.base/java.io.FileInputStream.<init>(FileInputStream.java:157)
at java.base/java.io.FileInputStream.<init>(FileInputStream.java:111)
at com.ShoppersStack_genericutility.Working_File_utility.readProperty(Working_File_utility.java:13)
at com.ShoppersStack_genericutility.Working_baseclass.beforeClass(Working_baseclass.java:69)
at java.base/java.util.ArrayList.forEach(ArrayList.java:1511)
... Removed 25 stack frames]]>
    </failure>
  </testcase> <!-- @BeforeClass beforeClass -->
  <testcase classname="com.ShoppersStack_genericutility.Working_baseclass" name="@BeforeMethod beforeMethods" time="0.0">
    <skipped/>
  </testcase> <!-- @BeforeMethod beforeMethods -->
  <testcase classname="com.ShoppersStack_genericutility.Working_baseclass" name="@AfterMethod afterMethod" time="0.0">
    <skipped/>
  </testcase> <!-- @AfterMethod afterMethod -->
  <testcase classname="com.ShoppersStack_genericutility.Working_baseclass" name="@AfterClass afterClass" time="0.0">
    <skipped/>
  </testcase> <!-- @AfterClass afterClass -->
  <testcase classname="com.ShoppersStack_genericutility.Working_baseclass" name="@BeforeClass beforeClass" time="0.0">
    <failure type="java.io.FileNotFoundException" message=" Frame_Constantrant.propertyPath (The system cannot find the file specified)">
      <![CDATA[java.io.FileNotFoundException:  Frame_Constantrant.propertyPath (The system cannot find the file specified)
at java.base/java.io.FileInputStream.open0(Native Method)
at java.base/java.io.FileInputStream.open(FileInputStream.java:216)
at java.base/java.io.FileInputStream.<init>(FileInputStream.java:157)
at java.base/java.io.FileInputStream.<init>(FileInputStream.java:111)
at com.ShoppersStack_genericutility.Working_File_utility.readProperty(Working_File_utility.java:13)
at com.ShoppersStack_genericutility.Working_baseclass.beforeClass(Working_baseclass.java:69)
at java.base/java.util.ArrayList.forEach(ArrayList.java:1511)
... Removed 25 stack frames]]>
    </failure>
  </testcase> <!-- @BeforeClass beforeClass -->
  <testcase classname="com.ShoppersStack_genericutility.Working_baseclass" name="@BeforeMethod beforeMethods" time="0.0">
    <skipped/>
  </testcase> <!-- @BeforeMethod beforeMethods -->
  <testcase classname="com.ShoppersStack_genericutility.Working_baseclass" name="@AfterMethod afterMethod" time="0.0">
    <skipped/>
  </testcase> <!-- @AfterMethod afterMethod -->
  <testcase classname="com.ShoppersStack_genericutility.Working_baseclass" name="@AfterClass afterClass" time="0.0">
    <skipped/>
  </testcase> <!-- @AfterClass afterClass -->
  <testcase classname="com.ShoppersStack_Akash.verify_user_is_able_delet_or_not" name="deletAdress" time="0.0">
    <skipped/>
  </testcase> <!-- deletAdress -->
  <testcase classname="com.ShoppersStack_Akash.Verify_User_is_able_to_addadress_or_not" name="addAdress" time="0.0">
    <skipped/>
  </testcase> <!-- addAdress -->
  <testcase classname="com.ShoppersStack_genericutility.Working_baseclass" name="@BeforeTest beforeTest" time="0.0">
    <ignored/>
  </testcase> <!-- @BeforeTest beforeTest -->
  <testcase classname="com.ShoppersStack_genericutility.Working_baseclass" name="@BeforeSuite beforeSuite" time="0.0">
    <ignored/>
  </testcase> <!-- @BeforeSuite beforeSuite -->
  <testcase classname="com.ShoppersStack_genericutility.Working_baseclass" name="@AfterTest afterTest" time="0.0">
    <ignored/>
  </testcase> <!-- @AfterTest afterTest -->
  <testcase classname="com.ShoppersStack_genericutility.Working_baseclass" name="@AfterSuite aftersuite" time="0.0">
    <ignored/>
  </testcase> <!-- @AfterSuite aftersuite -->
</testsuite> <!-- Test -->
